<?xml version="1.0" encoding="UTF-8"?>
<testsuite name="calcularFechaSiguienteParameters.CalcularFechaSiguienteParameters" tests="55" skipped="0" failures="0" errors="0" timestamp="2021-02-22T11:31:58" hostname="DESKTOP-JQR5GBU" time="0.049">
  <properties/>
  <testcase name="verify_fecha_all_values[0]" classname="calcularFechaSiguienteParameters.CalcularFechaSiguienteParameters" time="0.004"/>
  <testcase name="verify_fecha_all_values[1]" classname="calcularFechaSiguienteParameters.CalcularFechaSiguienteParameters" time="0.0"/>
  <testcase name="verify_fecha_all_values[2]" classname="calcularFechaSiguienteParameters.CalcularFechaSiguienteParameters" time="0.0"/>
  <testcase name="verify_fecha_all_values[3]" classname="calcularFechaSiguienteParameters.CalcularFechaSiguienteParameters" time="0.0"/>
  <testcase name="verify_fecha_all_values[4]" classname="calcularFechaSiguienteParameters.CalcularFechaSiguienteParameters" time="0.001"/>
  <testcase name="verify_fecha_all_values[5]" classname="calcularFechaSiguienteParameters.CalcularFechaSiguienteParameters" time="0.0"/>
  <testcase name="verify_fecha_all_values[6]" classname="calcularFechaSiguienteParameters.CalcularFechaSiguienteParameters" time="0.001"/>
  <testcase name="verify_fecha_all_values[7]" classname="calcularFechaSiguienteParameters.CalcularFechaSiguienteParameters" time="0.0"/>
  <testcase name="verify_fecha_all_values[8]" classname="calcularFechaSiguienteParameters.CalcularFechaSiguienteParameters" time="0.0"/>
  <testcase name="verify_fecha_all_values[9]" classname="calcularFechaSiguienteParameters.CalcularFechaSiguienteParameters" time="0.0"/>
  <testcase name="verify_fecha_all_values[10]" classname="calcularFechaSiguienteParameters.CalcularFechaSiguienteParameters" time="0.0"/>
  <testcase name="verify_fecha_all_values[11]" classname="calcularFechaSiguienteParameters.CalcularFechaSiguienteParameters" time="0.0"/>
  <testcase name="verify_fecha_all_values[12]" classname="calcularFechaSiguienteParameters.CalcularFechaSiguienteParameters" time="0.001"/>
  <testcase name="verify_fecha_all_values[13]" classname="calcularFechaSiguienteParameters.CalcularFechaSiguienteParameters" time="0.0"/>
  <testcase name="verify_fecha_all_values[14]" classname="calcularFechaSiguienteParameters.CalcularFechaSiguienteParameters" time="0.001"/>
  <testcase name="verify_fecha_all_values[15]" classname="calcularFechaSiguienteParameters.CalcularFechaSiguienteParameters" time="0.001"/>
  <testcase name="verify_fecha_all_values[16]" classname="calcularFechaSiguienteParameters.CalcularFechaSiguienteParameters" time="0.0"/>
  <testcase name="verify_fecha_all_values[17]" classname="calcularFechaSiguienteParameters.CalcularFechaSiguienteParameters" time="0.0"/>
  <testcase name="verify_fecha_all_values[18]" classname="calcularFechaSiguienteParameters.CalcularFechaSiguienteParameters" time="0.0"/>
  <testcase name="verify_fecha_all_values[19]" classname="calcularFechaSiguienteParameters.CalcularFechaSiguienteParameters" time="0.0"/>
  <testcase name="verify_fecha_all_values[20]" classname="calcularFechaSiguienteParameters.CalcularFechaSiguienteParameters" time="0.001"/>
  <testcase name="verify_fecha_all_values[21]" classname="calcularFechaSiguienteParameters.CalcularFechaSiguienteParameters" time="0.0"/>
  <testcase name="verify_fecha_all_values[22]" classname="calcularFechaSiguienteParameters.CalcularFechaSiguienteParameters" time="0.0"/>
  <testcase name="verify_fecha_all_values[23]" classname="calcularFechaSiguienteParameters.CalcularFechaSiguienteParameters" time="0.001"/>
  <testcase name="verify_fecha_all_values[24]" classname="calcularFechaSiguienteParameters.CalcularFechaSiguienteParameters" time="0.0"/>
  <testcase name="verify_fecha_all_values[25]" classname="calcularFechaSiguienteParameters.CalcularFechaSiguienteParameters" time="0.001"/>
  <testcase name="verify_fecha_all_values[26]" classname="calcularFechaSiguienteParameters.CalcularFechaSiguienteParameters" time="0.0"/>
  <testcase name="verify_fecha_all_values[27]" classname="calcularFechaSiguienteParameters.CalcularFechaSiguienteParameters" time="0.0"/>
  <testcase name="verify_fecha_all_values[28]" classname="calcularFechaSiguienteParameters.CalcularFechaSiguienteParameters" time="0.001"/>
  <testcase name="verify_fecha_all_values[29]" classname="calcularFechaSiguienteParameters.CalcularFechaSiguienteParameters" time="0.001"/>
  <testcase name="verify_fecha_all_values[30]" classname="calcularFechaSiguienteParameters.CalcularFechaSiguienteParameters" time="0.0"/>
  <testcase name="verify_fecha_all_values[31]" classname="calcularFechaSiguienteParameters.CalcularFechaSiguienteParameters" time="0.0"/>
  <testcase name="verify_fecha_all_values[32]" classname="calcularFechaSiguienteParameters.CalcularFechaSiguienteParameters" time="0.0"/>
  <testcase name="verify_fecha_all_values[33]" classname="calcularFechaSiguienteParameters.CalcularFechaSiguienteParameters" time="0.001"/>
  <testcase name="verify_fecha_all_values[34]" classname="calcularFechaSiguienteParameters.CalcularFechaSiguienteParameters" time="0.0"/>
  <testcase name="verify_fecha_all_values[35]" classname="calcularFechaSiguienteParameters.CalcularFechaSiguienteParameters" time="0.0"/>
  <testcase name="verify_fecha_all_values[36]" classname="calcularFechaSiguienteParameters.CalcularFechaSiguienteParameters" time="0.0"/>
  <testcase name="verify_fecha_all_values[37]" classname="calcularFechaSiguienteParameters.CalcularFechaSiguienteParameters" time="0.0"/>
  <testcase name="verify_fecha_all_values[38]" classname="calcularFechaSiguienteParameters.CalcularFechaSiguienteParameters" time="0.001"/>
  <testcase name="verify_fecha_all_values[39]" classname="calcularFechaSiguienteParameters.CalcularFechaSiguienteParameters" time="0.0"/>
  <testcase name="verify_fecha_all_values[40]" classname="calcularFechaSiguienteParameters.CalcularFechaSiguienteParameters" time="0.0"/>
  <testcase name="verify_fecha_all_values[41]" classname="calcularFechaSiguienteParameters.CalcularFechaSiguienteParameters" time="0.0"/>
  <testcase name="verify_fecha_all_values[42]" classname="calcularFechaSiguienteParameters.CalcularFechaSiguienteParameters" time="0.0"/>
  <testcase name="verify_fecha_all_values[43]" classname="calcularFechaSiguienteParameters.CalcularFechaSiguienteParameters" time="0.0"/>
  <testcase name="verify_fecha_all_values[44]" classname="calcularFechaSiguienteParameters.CalcularFechaSiguienteParameters" time="0.0"/>
  <testcase name="verify_fecha_all_values[45]" classname="calcularFechaSiguienteParameters.CalcularFechaSiguienteParameters" time="0.0"/>
  <testcase name="verify_fecha_all_values[46]" classname="calcularFechaSiguienteParameters.CalcularFechaSiguienteParameters" time="0.0"/>
  <testcase name="verify_fecha_all_values[47]" classname="calcularFechaSiguienteParameters.CalcularFechaSiguienteParameters" time="0.0"/>
  <testcase name="verify_fecha_all_values[48]" classname="calcularFechaSiguienteParameters.CalcularFechaSiguienteParameters" time="0.0"/>
  <testcase name="verify_fecha_all_values[49]" classname="calcularFechaSiguienteParameters.CalcularFechaSiguienteParameters" time="0.0"/>
  <testcase name="verify_fecha_all_values[50]" classname="calcularFechaSiguienteParameters.CalcularFechaSiguienteParameters" time="0.001"/>
  <testcase name="verify_fecha_all_values[51]" classname="calcularFechaSiguienteParameters.CalcularFechaSiguienteParameters" time="0.0"/>
  <testcase name="verify_fecha_all_values[52]" classname="calcularFechaSiguienteParameters.CalcularFechaSiguienteParameters" time="0.0"/>
  <testcase name="verify_fecha_all_values[53]" classname="calcularFechaSiguienteParameters.CalcularFechaSiguienteParameters" time="0.0"/>
  <testcase name="verify_fecha_all_values[54]" classname="calcularFechaSiguienteParameters.CalcularFechaSiguienteParameters" time="0.0"/>
  <system-out><![CDATA[]]></system-out>
  <system-err><![CDATA[]]></system-err>
</testsuite>
